<?xml version="1.0" encoding="UTF-8"?>
<!-- Generated by org.testng.reporters.JUnitXMLReporter -->
<testsuite ignored="0" hostname="Aaryan-PC" failures="1" tests="3" name="test1" time="0.142" errors="0" timestamp="2023-12-30T21:42:50 IST">
  <testcase classname="testpack.DependsOnGroups" name="test1" time="0.014">
    <failure type="java.lang.Exception" message="just to test method dependencies">
      <![CDATA[java.lang.Exception: just to test method dependencies
at testpack.DependsOnGroups.test1(DependsOnGroups.java:10)
at java.base/java.util.ArrayList.forEach(ArrayList.java:1511)
... Removed 27 stack frames]]>
    </failure>
  </testcase> <!-- test1 -->
  <testcase classname="testpack.DependsOnGroups" name="test3" time="0.006"/>
  <testcase classname="testpack.DependsOnGroups" name="test2" time="0.002"/>
</testsuite> <!-- test1 -->
