<?xml version="1.0" encoding="UTF-8"?>
<!-- Generated by org.testng.reporters.JUnitXMLReporter -->
<testsuite ignored="0" hostname="Aaryan-PC" failures="1" tests="2" name="Test2(failed)" time="10.873" errors="0" timestamp="2024-01-02T21:46:56 IST">
  <testcase classname="testlistners.TestClass2" name="testtobeSkipped" time="0.01">
    <skipped/>
  </testcase> <!-- testtobeSkipped -->
  <testcase classname="testlistners.TestClass2" name="validateTitle" time="0.246">
    <failure type="java.lang.AssertionError" message="Not Matched !! expected [Amazon] but found [Online Shopping site in India: Shop Online for Mobiles, Books, Watches, Shoes and More - Amazon.in]">
      <![CDATA[java.lang.AssertionError: Not Matched !! expected [Amazon] but found [Online Shopping site in India: Shop Online for Mobiles, Books, Watches, Shoes and More - Amazon.in]
at testlistners.TestClass2.validateTitle(TestClass2.java:26)
at java.base/java.util.ArrayList.forEach(ArrayList.java:1511)
... Removed 32 stack frames]]>
    </failure>
  </testcase> <!-- validateTitle -->
</testsuite> <!-- Test2(failed) -->
