<?xml version="1.0" encoding="UTF-8"?>
<!-- Generated by org.testng.reporters.JUnitXMLReporter -->
<testsuite ignored="0" hostname="Aaryan-PC" failures="2" tests="30" name="Test" time="0.325" errors="0" timestamp="2024-01-03T21:26:18 IST">
  <testcase classname="retryanalyzers.TestClass" name="test1" time="0.011">
    <skipped/>
  </testcase> <!-- test1 -->
  <testcase classname="retryanalyzers.TestClass" name="test1" time="0.003">
    <skipped/>
  </testcase> <!-- test1 -->
  <testcase classname="retryanalyzers.TestClass" name="test1" time="0.004">
    <skipped/>
  </testcase> <!-- test1 -->
  <testcase classname="retryanalyzers.TestClass" name="test1" time="0.003"/>
  <testcase classname="retryanalyzers.TestClass" name="test2" time="0.004">
    <skipped/>
  </testcase> <!-- test2 -->
  <testcase classname="retryanalyzers.TestClass" name="test2" time="0.002">
    <skipped/>
  </testcase> <!-- test2 -->
  <testcase classname="retryanalyzers.TestClass" name="test2" time="0.001">
    <skipped/>
  </testcase> <!-- test2 -->
  <testcase classname="retryanalyzers.TestClass" name="test2" time="0.003">
    <skipped/>
  </testcase> <!-- test2 -->
  <testcase classname="retryanalyzers.TestClass" name="test2" time="0.002">
    <skipped/>
  </testcase> <!-- test2 -->
  <testcase classname="retryanalyzers.TestClass" name="test2" time="0.003">
    <skipped/>
  </testcase> <!-- test2 -->
  <testcase classname="retryanalyzers.TestClass" name="test2" time="0.003">
    <skipped/>
  </testcase> <!-- test2 -->
  <testcase classname="retryanalyzers.TestClass" name="test2" time="0.001">
    <failure type="java.lang.Exception" message=" i value is not 10">
      <![CDATA[java.lang.Exception:  i value is not 10
at retryanalyzers.TestClass.test2(TestClass.java:35)
at java.base/java.util.ArrayList.forEach(ArrayList.java:1511)
... Removed 27 stack frames]]>
    </failure>
  </testcase> <!-- test2 -->
  <testcase classname="retryanalyzers.TestClass2" name="test1" time="0.0">
    <skipped/>
  </testcase> <!-- test1 -->
  <testcase classname="retryanalyzers.TestClass2" name="test1" time="0.001">
    <skipped/>
  </testcase> <!-- test1 -->
  <testcase classname="retryanalyzers.TestClass2" name="test1" time="0.001"/>
  <testcase classname="retryanalyzers.TestClass2" name="test2" time="0.003">
    <skipped/>
  </testcase> <!-- test2 -->
  <testcase classname="retryanalyzers.TestClass2" name="test2" time="0.004">
    <skipped/>
  </testcase> <!-- test2 -->
  <testcase classname="retryanalyzers.TestClass2" name="test2" time="0.003">
    <skipped/>
  </testcase> <!-- test2 -->
  <testcase classname="retryanalyzers.TestClass2" name="test2" time="0.002">
    <skipped/>
  </testcase> <!-- test2 -->
  <testcase classname="retryanalyzers.TestClass2" name="test2" time="0.002">
    <skipped/>
  </testcase> <!-- test2 -->
  <testcase classname="retryanalyzers.TestClass2" name="test2" time="0.003">
    <skipped/>
  </testcase> <!-- test2 -->
  <testcase classname="retryanalyzers.TestClass2" name="test2" time="0.003">
    <skipped/>
  </testcase> <!-- test2 -->
  <testcase classname="retryanalyzers.TestClass2" name="test2" time="0.001">
    <failure type="java.lang.Exception" message=" i value is not 10">
      <![CDATA[java.lang.Exception:  i value is not 10
at retryanalyzers.TestClass2.test2(TestClass2.java:30)
at java.base/java.util.ArrayList.forEach(ArrayList.java:1511)
... Removed 27 stack frames]]>
    </failure>
  </testcase> <!-- test2 -->
  <testcase classname="retryanalyzers.TestClass3" name="test1" time="0.004">
    <skipped/>
  </testcase> <!-- test1 -->
  <testcase classname="retryanalyzers.TestClass3" name="test1" time="0.002">
    <skipped/>
  </testcase> <!-- test1 -->
  <testcase classname="retryanalyzers.TestClass3" name="test1" time="0.006">
    <skipped/>
  </testcase> <!-- test1 -->
  <testcase classname="retryanalyzers.TestClass3" name="test1" time="0.002">
    <skipped/>
  </testcase> <!-- test1 -->
  <testcase classname="retryanalyzers.TestClass3" name="test1" time="0.004">
    <skipped/>
  </testcase> <!-- test1 -->
  <testcase classname="retryanalyzers.TestClass3" name="test1" time="0.001">
    <skipped/>
  </testcase> <!-- test1 -->
  <testcase classname="retryanalyzers.TestClass3" name="test1" time="0.002"/>
</testsuite> <!-- Test -->
