<?xml version="1.0" encoding="UTF-8"?>
<testng-results ignored="0" total="2" passed="2" failed="0" skipped="0">
  <reporter-output>
  </reporter-output>
  <suite started-at="2024-01-09T21:50:22 IST" name="grid" finished-at="2024-01-09T21:50:43 IST" duration-ms="20847">
    <groups>
    </groups>
    <test started-at="2024-01-09T21:50:22 IST" name="test1" finished-at="2024-01-09T21:50:38 IST" duration-ms="16135">
      <class name="selenium_grid.ChromeGrid">
        <test-method is-config="true" signature="setBrowser(java.lang.String)[pri:0, instance:selenium_grid.ChromeGrid@4c60d6e9]" started-at="2024-01-09T21:50:22 IST" name="setBrowser" finished-at="2024-01-09T21:50:26 IST" duration-ms="3522" status="PASS">
          <params>
            <param index="0">
              <value>
                <![CDATA[chrome]]>
              </value>
            </param>
          </params>
          <reporter-output>
          </reporter-output>
        </test-method> <!-- setBrowser -->
        <test-method signature="getTitle1()[pri:0, instance:selenium_grid.ChromeGrid@4c60d6e9]" started-at="2024-01-09T21:50:26 IST" name="getTitle1" finished-at="2024-01-09T21:50:38 IST" duration-ms="12425" status="PASS">
          <reporter-output>
          </reporter-output>
        </test-method> <!-- getTitle1 -->
        <test-method is-config="true" signature="tearDown()[pri:0, instance:selenium_grid.ChromeGrid@4c60d6e9]" started-at="2024-01-09T21:50:38 IST" name="tearDown" finished-at="2024-01-09T21:50:38 IST" duration-ms="115" status="PASS">
          <reporter-output>
          </reporter-output>
        </test-method> <!-- tearDown -->
        <test-method is-config="true" signature="removeThread()[pri:0, instance:selenium_grid.ChromeGrid@4c60d6e9]" started-at="2024-01-09T21:50:38 IST" name="removeThread" finished-at="2024-01-09T21:50:38 IST" duration-ms="0" status="PASS">
          <reporter-output>
          </reporter-output>
        </test-method> <!-- removeThread -->
      </class> <!-- selenium_grid.ChromeGrid -->
    </test> <!-- test1 -->
    <test started-at="2024-01-09T21:50:22 IST" name="test2" finished-at="2024-01-09T21:50:43 IST" duration-ms="20847">
      <class name="selenium_grid.FirefoxGrid">
        <test-method is-config="true" signature="setBrowser(java.lang.String)[pri:0, instance:selenium_grid.FirefoxGrid@7d900ecf]" started-at="2024-01-09T21:50:22 IST" name="setBrowser" finished-at="2024-01-09T21:50:29 IST" duration-ms="6745" status="PASS">
          <params>
            <param index="0">
              <value>
                <![CDATA[firefox]]>
              </value>
            </param>
          </params>
          <reporter-output>
          </reporter-output>
        </test-method> <!-- setBrowser -->
        <test-method signature="getTitle1()[pri:0, instance:selenium_grid.FirefoxGrid@7d900ecf]" started-at="2024-01-09T21:50:29 IST" name="getTitle1" finished-at="2024-01-09T21:50:42 IST" duration-ms="13316" status="PASS">
          <reporter-output>
          </reporter-output>
        </test-method> <!-- getTitle1 -->
        <test-method is-config="true" signature="tearDown()[pri:0, instance:selenium_grid.FirefoxGrid@7d900ecf]" started-at="2024-01-09T21:50:42 IST" name="tearDown" finished-at="2024-01-09T21:50:43 IST" duration-ms="723" status="PASS">
          <reporter-output>
          </reporter-output>
        </test-method> <!-- tearDown -->
        <test-method is-config="true" signature="removeThread()[pri:0, instance:selenium_grid.FirefoxGrid@7d900ecf]" started-at="2024-01-09T21:50:43 IST" name="removeThread" finished-at="2024-01-09T21:50:43 IST" duration-ms="0" status="PASS">
          <reporter-output>
          </reporter-output>
        </test-method> <!-- removeThread -->
      </class> <!-- selenium_grid.FirefoxGrid -->
    </test> <!-- test2 -->
  </suite> <!-- grid -->
</testng-results>
